2025-04-08 02:26:01.798998 - Received CBT.V508.FILE1040.PDS from FILE1040.XMI 
2025-04-08 02:26:01.804117 - Found $$$#DATE.txt (text/plain) in CBT.V508.FILE1040.PDS, moved to PDS/$$$#DATE
2025-04-08 02:26:01.806395 - Found #INDEX.txt (text/plain) in CBT.V508.FILE1040.PDS, moved to PDS/#INDEX
2025-04-08 02:26:01.808133 - Found @@README.txt (text/plain) in CBT.V508.FILE1040.PDS, moved to PDS/@@README
2025-04-08 02:26:01.809837 - Found @FIL1040.txt (text/plain) in CBT.V508.FILE1040.PDS, moved to PDS/@FIL1040
2025-04-08 02:26:01.811197 - Found @PLIEXMP.txt (text/plain) in CBT.V508.FILE1040.PDS, moved to PDS/@PLIEXMP
2025-04-08 02:26:01.812641 - Found ADDXREF.rexx (text/plain) in CBT.V508.FILE1040.PDS, moved to PDS/ADDXREF
2025-04-08 02:26:01.814101 - Found ALLPLIB.rexx (text/plain) in CBT.V508.FILE1040.PDS, moved to PDS/ALLPLIB
2025-04-08 02:26:01.815506 - Found CALLEDBY.rexx (text/plain) in CBT.V508.FILE1040.PDS, moved to PDS/CALLEDBY
2025-04-08 02:26:01.817021 - Found COMBINE.rexx (text/plain) in CBT.V508.FILE1040.PDS, moved to PDS/COMBINE
2025-04-08 02:26:01.818737 - Found COMPARM.rexx (text/plain) in CBT.V508.FILE1040.PDS, moved to PDS/COMPARM
2025-04-08 02:26:01.820138 - Found COMPDT.rexx (text/plain) in CBT.V508.FILE1040.PDS, moved to PDS/COMPDT
2025-04-08 02:26:01.821810 - Found COMPILE.rexx (text/plain) in CBT.V508.FILE1040.PDS, moved to PDS/COMPILE
2025-04-08 02:26:01.823412 - Found COMPSTAT.rexx (text/plain) in CBT.V508.FILE1040.PDS, moved to PDS/COMPSTAT
2025-04-08 02:26:01.824823 - Found DENUM.rexx (text/plain) in CBT.V508.FILE1040.PDS, moved to PDS/DENUM
2025-04-08 02:26:01.826148 - Found ELEMENTS.rexx (text/plain) in CBT.V508.FILE1040.PDS, moved to PDS/ELEMENTS
2025-04-08 02:26:01.827668 - Found ELEMLEN.rexx (text/plain) in CBT.V508.FILE1040.PDS, moved to PDS/ELEMLEN
2025-04-08 02:26:01.829169 - Found ENTCOMM.rexx (text/plain) in CBT.V508.FILE1040.PDS, moved to PDS/ENTCOMM
2025-04-08 02:26:01.830571 - Found IOSTMT.rexx (text/plain) in CBT.V508.FILE1040.PDS, moved to PDS/IOSTMT
2025-04-08 02:26:01.831864 - Found LCOMM.rexx (text/plain) in CBT.V508.FILE1040.PDS, moved to PDS/LCOMM
2025-04-08 02:26:01.833157 - Found ONEPERLN.rexx (text/plain) in CBT.V508.FILE1040.PDS, moved to PDS/ONEPERLN
2025-04-08 02:26:01.834792 - Found PARSEDCL.rexx (text/plain) in CBT.V508.FILE1040.PDS, moved to PDS/PARSEDCL
2025-04-08 02:26:01.836137 - Found PGFS.rexx (text/plain) in CBT.V508.FILE1040.PDS, moved to PDS/PGFS
2025-04-08 02:26:01.837673 - Found PLIFLOW.bin (application/octet-stream) in CBT.V508.FILE1040.PDS, moved to PDS/PLIFLOW
2025-04-08 02:26:01.839153 - Found PLILBLS.rexx (text/plain) in CBT.V508.FILE1040.PDS, moved to PDS/PLILBLS
2025-04-08 02:26:01.840730 - Found PLIMSGE.rexx (text/plain) in CBT.V508.FILE1040.PDS, moved to PDS/PLIMSGE
2025-04-08 02:26:01.842184 - Found PLIMSGO.rexx (text/plain) in CBT.V508.FILE1040.PDS, moved to PDS/PLIMSGO
2025-04-08 02:26:01.843704 - Found PLIMSGS.rexx (text/plain) in CBT.V508.FILE1040.PDS, moved to PDS/PLIMSGS
2025-04-08 02:26:01.845070 - Found PLINIT.rexx (text/plain) in CBT.V508.FILE1040.PDS, moved to PDS/PLINIT
2025-04-08 02:26:01.846509 - Found PLIPARA.rexx (text/plain) in CBT.V508.FILE1040.PDS, moved to PDS/PLIPARA
2025-04-08 02:26:01.848243 - Found PLIPOS.rexx (text/plain) in CBT.V508.FILE1040.PDS, moved to PDS/PLIPOS
2025-04-08 02:26:01.849638 - Found PLISKIP.rexx (text/plain) in CBT.V508.FILE1040.PDS, moved to PDS/PLISKIP
2025-04-08 02:26:01.851047 - Found PLIXREF.rexx (text/plain) in CBT.V508.FILE1040.PDS, moved to PDS/PLIXREF
2025-04-08 02:26:01.852752 - Found PLIXREFE.rexx (text/plain) in CBT.V508.FILE1040.PDS, moved to PDS/PLIXREFE
2025-04-08 02:26:01.854270 - Found PLIXREFO.rexx (text/plain) in CBT.V508.FILE1040.PDS, moved to PDS/PLIXREFO
2025-04-08 02:26:01.855731 - Found QIO.rexx (text/x-Algol68) in CBT.V508.FILE1040.PDS, moved to PDS/QIO
2025-04-08 02:26:01.857192 - Found QJAM.rexx (text/plain) in CBT.V508.FILE1040.PDS, moved to PDS/QJAM
2025-04-08 02:26:01.858638 - Found QSQL.rexx (text/plain) in CBT.V508.FILE1040.PDS, moved to PDS/QSQL
2025-04-08 02:26:01.860065 - Found SEGMENT.rexx (text/plain) in CBT.V508.FILE1040.PDS, moved to PDS/SEGMENT
2025-04-08 02:26:01.861485 - Found SHORTPG.rexx (text/plain) in CBT.V508.FILE1040.PDS, moved to PDS/SHORTPG
2025-04-08 02:26:01.862972 - Found SLICKIO.rexx (text/plain) in CBT.V508.FILE1040.PDS, moved to PDS/SLICKIO
2025-04-08 02:26:01.864484 - Found SPLITDO.rexx (text/plain) in CBT.V508.FILE1040.PDS, moved to PDS/SPLITDO
2025-04-08 02:26:01.866200 - Found TRIMPLI.rexx (text/plain) in CBT.V508.FILE1040.PDS, moved to PDS/TRIMPLI
2025-04-08 02:26:01.867616 - Found WHATINC.rexx (text/plain) in CBT.V508.FILE1040.PDS, moved to PDS/WHATINC
